{
  "RSpec": {
    "coverage": {
      "/vagrant/gazooyr/app/models/user.rb": [
        1,
        null,
        null,
        1,
        null,
        null,
        null,
        1,
        4,
        4,
        4,
        null,
        null,
        1,
        null,
        null
      ],
      "/vagrant/gazooyr/app/models/application_record.rb": [
        1,
        1,
        null
      ],
      "/vagrant/gazooyr/app/helpers/application_helper.rb": [
        1,
        null
      ],
      "/vagrant/gazooyr/app/helpers/gazooy_helper.rb": [
        1,
        null
      ],
      "/vagrant/gazooyr/app/helpers/home_helper.rb": [
        1,
        null
      ],
      "/vagrant/gazooyr/app/helpers/registrations_helper.rb": [
        1,
        null
      ],
      "/vagrant/gazooyr/app/models/news.rb": [
        1,
        null,
        1,
        null,
        1,
        null,
        null,
        1,
        null
      ],
      "/vagrant/gazooyr/app/controllers/news_controller.rb": [
        1,
        1,
        null,
        1,
        3,
        null,
        null,
        1,
        5,
        null,
        5,
        null,
        5,
        null,
        null,
        1,
        2,
        null,
        null,
        1,
        2,
        null,
        2,
        1,
        null,
        1,
        null,
        null,
        null,
        1,
        1,
        null,
        null,
        1,
        1,
        null,
        1,
        null,
        1,
        null,
        0,
        null,
        null,
        null,
        1,
        null,
        1,
        3,
        null,
        null
      ],
      "/vagrant/gazooyr/app/controllers/application_controller.rb": [
        1,
        1,
        null,
        null,
        1,
        1,
        1,
        10,
        10,
        10,
        null,
        null,
        null,
        null
      ],
      "/vagrant/gazooyr/app/models/comment.rb": [
        1,
        1,
        null
      ],
      "/vagrant/gazooyr/app/controllers/home_controller.rb": [
        1,
        null,
        1,
        4,
        null,
        null,
        1,
        0,
        null,
        null,
        null
      ],
      "/vagrant/gazooyr/app/models/gazooy.rb": [
        1,
        null,
        1,
        null,
        null
      ],
      "/vagrant/gazooyr/app/controllers/comments_controller.rb": [
        1,
        null,
        1,
        0,
        null,
        null,
        1,
        1,
        1,
        1,
        0,
        0,
        null,
        1,
        null,
        null,
        1,
        1,
        null,
        null,
        null
      ],
      "/vagrant/gazooyr/app/channels/application_cable/channel.rb": [
        0,
        0,
        0,
        0
      ],
      "/vagrant/gazooyr/app/channels/application_cable/connection.rb": [
        0,
        0,
        0,
        0
      ],
      "/vagrant/gazooyr/app/controllers/gazooies_controller.rb": [
        0,
        0,
        0,
        0,
        0,
        0,
        0,
        0,
        0,
        0,
        0,
        0,
        0,
        0,
        0,
        0,
        0,
        0,
        0,
        0,
        0,
        0,
        0,
        0
      ],
      "/vagrant/gazooyr/app/jobs/application_job.rb": [
        0,
        0
      ],
      "/vagrant/gazooyr/app/mailers/application_mailer.rb": [
        0,
        0,
        0,
        0
      ]
    },
    "timestamp": 1499975453
  }
}
